Unhandled message: <Message id=678535279300182037 channel=<TextChannel id=678528908429361156 name='general' position=0 nsfw=False news=False category_id=678528908429361154> type=<MessageType.default: 0> author=<Member id=196282885601361920 name='Darkmatter' discriminator='7321' bot=False nick=None guild=<Guild id=678528908429361152 name='Bot Testing' shard_id=None chunked=True member_count=2>> flags=<MessageFlags value=0>>
Unhandled message: <Message id=678535414595977236 channel=<TextChannel id=678528908429361156 name='general' position=0 nsfw=False news=False category_id=678528908429361154> type=<MessageType.default: 0> author=<Member id=196282885601361920 name='Darkmatter' discriminator='7321' bot=False nick=None guild=<Guild id=678528908429361152 name='Bot Testing' shard_id=None chunked=True member_count=2>> flags=<MessageFlags value=0>>
Unhandled message: <Message id=678535486469308436 channel=<TextChannel id=678535455175606292 name='verify-here' position=3 nsfw=False news=False category_id=678528908429361154> type=<MessageType.default: 0> author=<Member id=196282885601361920 name='Darkmatter' discriminator='7321' bot=False nick=None guild=<Guild id=678528908429361152 name='Bot Testing' shard_id=None chunked=True member_count=2>> flags=<MessageFlags value=0>>
Unhandled error: <discord.ext.commands.context.Context object at 0x1095cf6d0>
Unhandled error: <discord.ext.commands.context.Context object at 0x1095b1d50>
Unhandled error: <discord.ext.commands.context.Context object at 0x1095cfa50>
Unhandled error: <RawReactionActionEvent message_id=680358224154984480 user_id=457012884862664704 channel_id=680168579412262954 guild_id=667131263294898200 emoji=<PartialEmoji animated=False name='✅' id=None> event_type='REACTION_ADD' member=<Member id=457012884862664704 name='Memory' discriminator='4566' bot=False nick=None guild=<Guild id=667131263294898200 name='LegitHarmony' shard_id=None chunked=True member_count=66>>>
Unhandled error: <RawReactionActionEvent message_id=680358224154984480 user_id=457012884862664704 channel_id=680168579412262954 guild_id=667131263294898200 emoji=<PartialEmoji animated=False name='✅' id=None> event_type='REACTION_ADD' member=<Member id=457012884862664704 name='Memory' discriminator='4566' bot=False nick=None guild=<Guild id=667131263294898200 name='LegitHarmony' shard_id=None chunked=True member_count=66>>>
Unhandled message: <Message id=681382939593932817 channel=<TextChannel id=679627953705189383 name='verify-here' position=0 nsfw=False news=False category_id=678528908429361154> type=<MessageType.default: 0> author=<Member id=681042185613082637 name='yikes' discriminator='1640' bot=False nick=None guild=<Guild id=678528908429361152 name='Bot Testing' shard_id=None chunked=True member_count=4>> flags=<MessageFlags value=0>>
Unhandled message: <Message id=681383001350864897 channel=<TextChannel id=679627953705189383 name='verify-here' position=0 nsfw=False news=False category_id=678528908429361154> type=<MessageType.default: 0> author=<Member id=196282885601361920 name='Darkmatter' discriminator='7321' bot=False nick='Darkmattr' guild=<Guild id=678528908429361152 name='Bot Testing' shard_id=None chunked=True member_count=4>> flags=<MessageFlags value=0>>
Unhandled message: <Message id=681383018807427151 channel=<TextChannel id=679627953705189383 name='verify-here' position=0 nsfw=False news=False category_id=678528908429361154> type=<MessageType.default: 0> author=<Member id=196282885601361920 name='Darkmatter' discriminator='7321' bot=False nick='Darkmattr' guild=<Guild id=678528908429361152 name='Bot Testing' shard_id=None chunked=True member_count=4>> flags=<MessageFlags value=0>>
Unhandled message: <Message id=681383243886362656 channel=<TextChannel id=679627953705189383 name='verify-here' position=0 nsfw=False news=False category_id=678528908429361154> type=<MessageType.default: 0> author=<Member id=196282885601361920 name='Darkmatter' discriminator='7321' bot=False nick='Darkmattr' guild=<Guild id=678528908429361152 name='Bot Testing' shard_id=None chunked=True member_count=4>> flags=<MessageFlags value=0>>
Unhandled message: <Message id=681383290275495957 channel=<TextChannel id=679627953705189383 name='verify-here' position=0 nsfw=False news=False category_id=678528908429361154> type=<MessageType.default: 0> author=<Member id=196282885601361920 name='Darkmatter' discriminator='7321' bot=False nick='Darkmattr' guild=<Guild id=678528908429361152 name='Bot Testing' shard_id=None chunked=True member_count=4>> flags=<MessageFlags value=0>>
Unhandled message: <Message id=681383559558463500 channel=<TextChannel id=679627953705189383 name='verify-here' position=0 nsfw=False news=False category_id=678528908429361154> type=<MessageType.default: 0> author=<Member id=196282885601361920 name='Darkmatter' discriminator='7321' bot=False nick='Darkmattr' guild=<Guild id=678528908429361152 name='Bot Testing' shard_id=None chunked=True member_count=4>> flags=<MessageFlags value=0>>
Unhandled message: <Message id=681386224757506091 channel=<TextChannel id=679627953705189383 name='verify-here' position=0 nsfw=False news=False category_id=678528908429361154> type=<MessageType.default: 0> author=<Member id=681042185613082637 name='yikes' discriminator='1640' bot=False nick=None guild=<Guild id=678528908429361152 name='Bot Testing' shard_id=None chunked=True member_count=4>> flags=<MessageFlags value=0>>
Unhandled message: <Message id=681386235163705356 channel=<TextChannel id=679627953705189383 name='verify-here' position=0 nsfw=False news=False category_id=678528908429361154> type=<MessageType.default: 0> author=<Member id=681042185613082637 name='yikes' discriminator='1640' bot=False nick=None guild=<Guild id=678528908429361152 name='Bot Testing' shard_id=None chunked=True member_count=4>> flags=<MessageFlags value=0>>
Unhandled message: <Message id=681395431372095545 channel=<TextChannel id=680626010391314474 name='support' position=22 nsfw=False news=False category_id=667874961272340522> type=<MessageType.default: 0> author=<Member id=336945378589016075 name='Mapples' discriminator='9298' bot=False nick=None guild=<Guild id=667131263294898200 name='LegitHarmony' shard_id=None chunked=True member_count=66>> flags=<MessageFlags value=0>>
Unhandled message: <Message id=681395545062768673 channel=<TextChannel id=667873392149528589 name='bot-commands' position=16 nsfw=False news=False category_id=667131263802540062> type=<MessageType.default: 0> author=<Member id=228330382926282773 name='Footlopz' discriminator='6194' bot=False nick='FruitLoopz' guild=<Guild id=667131263294898200 name='LegitHarmony' shard_id=None chunked=True member_count=66>> flags=<MessageFlags value=0>>
Unhandled error: ⏯
Unhandled error: ⏯
Unhandled error: ⏯
Unhandled error: ⏯
Unhandled error: ⏯
Unhandled error: ⏯
Unhandled error: <RawReactionActionEvent message_id=681540371708510229 user_id=430819721932439562 channel_id=454244701009215499 guild_id=454243417216778240 emoji=<PartialEmoji animated=False name='✅' id=None> event_type='REACTION_ADD' member=<Member id=430819721932439562 name='MaxLook' discriminator='7383' bot=False nick=None guild=<Guild id=454243417216778240 name='Fame Rush' shard_id=None chunked=True member_count=7865>>>
Unhandled error: <RawReactionActionEvent message_id=681540371708510229 user_id=218902245729632257 channel_id=454244701009215499 guild_id=454243417216778240 emoji=<PartialEmoji animated=False name='✅' id=None> event_type='REACTION_ADD' member=<Member id=218902245729632257 name='Jnaps' discriminator='1028' bot=False nick=None guild=<Guild id=454243417216778240 name='Fame Rush' shard_id=None chunked=True member_count=7865>>>
Unhandled error: <RawReactionActionEvent message_id=681540371708510229 user_id=218902245729632257 channel_id=454244701009215499 guild_id=454243417216778240 emoji=<PartialEmoji animated=False name='✅' id=None> event_type='REACTION_ADD' member=<Member id=218902245729632257 name='Jnaps' discriminator='1028' bot=False nick=None guild=<Guild id=454243417216778240 name='Fame Rush' shard_id=None chunked=True member_count=7865>>>
Unhandled error: <discord.ext.commands.context.Context object at 0x1062b15d0>
Unhandled error: <RawReactionActionEvent message_id=681540371708510229 user_id=142548499056033792 channel_id=454244701009215499 guild_id=454243417216778240 emoji=<PartialEmoji animated=False name='✅' id=None> event_type='REACTION_ADD' member=<Member id=142548499056033792 name='Mikesters17' discriminator='1426' bot=False nick=None guild=<Guild id=454243417216778240 name='Fame Rush' shard_id=None chunked=True member_count=7869>>>
Unhandled error: <RawReactionActionEvent message_id=681540371708510229 user_id=92842526125363200 channel_id=454244701009215499 guild_id=454243417216778240 emoji=<PartialEmoji animated=False name='✅' id=None> event_type='REACTION_ADD' member=<Member id=92842526125363200 name='BKTrousers' discriminator='9738' bot=False nick=None guild=<Guild id=454243417216778240 name='Fame Rush' shard_id=None chunked=True member_count=7868>>>
Unhandled error: <RawReactionActionEvent message_id=681540371708510229 user_id=510933808959324160 channel_id=454244701009215499 guild_id=454243417216778240 emoji=<PartialEmoji animated=False name='✅' id=None> event_type='REACTION_ADD' member=<Member id=510933808959324160 name='Miningyosh' discriminator='0926' bot=False nick=None guild=<Guild id=454243417216778240 name='Fame Rush' shard_id=None chunked=True member_count=7871>>>
Unhandled error: <discord.ext.commands.context.Context object at 0x107d39150>
